<?xml version="1.0" encoding="UTF-8"?>
<!-- Generated by org.testng.reporters.JUnitReportReporter -->
<testsuite hostname="LAPTOP-GF3JVT8K" failures="0" tests="1" name="testngpgm.HardAssertions" time="0.185" errors="0" timestamp="2024-11-18T12:21:34 IST" skipped="0">
  <testcase classname="testngpgm.HardAssertions" name="titleverification" time="0.185"/>
  <system-out/>
</testsuite> <!-- testngpgm.HardAssertions -->
