<?xml version="1.0" encoding="UTF-8"?>
<!-- Generated by org.testng.reporters.JUnitReportReporter -->
<testsuite hostname="LAPTOP-GF3JVT8K" failures="0" tests="2" name="ExtentReportPgm" time="4.975" errors="0" timestamp="2024-11-19T14:00:42 IST" skipped="0">
  <testcase classname="ExtentReportPgm" name="titleVerification" time="4.185"/>
  <system-out/>
  <testcase classname="ExtentReportPgm" name="fbLogotest" time="0.790"/>
  <system-out/>
</testsuite> <!-- ExtentReportPgm -->
