<?xml version="1.0" encoding="UTF-8"?>
<!-- Generated by org.testng.reporters.JUnitReportReporter -->
<testsuite hostname="LAPTOP-GF3JVT8K" failures="0" tests="1" name="testngpgm.DataDrivenTest" time="15.146" errors="0" timestamp="2024-11-19T11:46:09 IST" skipped="0">
  <testcase classname="testngpgm.DataDrivenTest" name="dataDrivenTest" time="15.146"/>
  <system-out/>
</testsuite> <!-- testngpgm.DataDrivenTest -->
