<?xml version="1.0" encoding="UTF-8"?>
<!-- Generated by org.testng.reporters.JUnitReportReporter -->
<testsuite hostname="LAPTOP-GF3JVT8K" failures="0" tests="1" name="testngpgm.googleTestNG" time="0.255" errors="0" timestamp="2024-11-12T12:43:44 IST" skipped="0">
  <testcase classname="testngpgm.googleTestNG" name="googlesearch" time="0.255"/>
  <system-out/>
</testsuite> <!-- testngpgm.googleTestNG -->
