<?xml version="1.0" encoding="UTF-8"?>
<!-- Generated by org.testng.reporters.JUnitReportReporter -->
<testsuite hostname="LAPTOP-GF3JVT8K" failures="0" tests="1" name="testngpgm.practiceTestAutomation" time="1.162" errors="0" timestamp="2024-11-19T11:49:11 IST" skipped="0">
  <testcase classname="testngpgm.practiceTestAutomation" name="loginurlcheck" time="1.162"/>
  <system-out/>
</testsuite> <!-- testngpgm.practiceTestAutomation -->
