<?xml version="1.0" encoding="UTF-8"?>
<!-- Generated by org.testng.reporters.JUnitReportReporter -->
<testsuite hostname="LAPTOP-GF3JVT8K" failures="0" tests="1" name="testngpgm.Assertions" time="0.526" errors="0" timestamp="2024-11-18T12:17:31 IST" skipped="0">
  <testcase classname="testngpgm.Assertions" name="titleverification" time="0.526"/>
  <system-out/>
</testsuite> <!-- testngpgm.Assertions -->
