<?xml version="1.0" encoding="UTF-8"?>
<!-- Generated by org.testng.reporters.JUnitReportReporter -->
<testsuite hostname="LAPTOP-GF3JVT8K" failures="0" tests="3" name="testngpgm.TestNGDemo" time="0.022" errors="0" timestamp="2024-11-12T11:19:36 IST" skipped="0">
  <testcase classname="testngpgm.TestNGDemo" name="test3" time="0.015"/>
  <system-out/>
  <testcase classname="testngpgm.TestNGDemo" name="test2" time="0.003"/>
  <system-out/>
  <testcase classname="testngpgm.TestNGDemo" name="test1" time="0.004"/>
  <system-out/>
</testsuite> <!-- testngpgm.TestNGDemo -->
