<?xml version="1.0" encoding="UTF-8"?>
<!-- Generated by org.testng.reporters.JUnitReportReporter -->
<testsuite hostname="LAPTOP-GF3JVT8K" failures="0" tests="1" name="testngpgm.WindowHandlers" time="3.262" errors="0" timestamp="2024-11-15T12:26:59 IST" skipped="0">
  <testcase classname="testngpgm.WindowHandlers" name="WindowHandle" time="3.262"/>
  <system-out/>
</testsuite> <!-- testngpgm.WindowHandlers -->
