<?xml version="1.0" encoding="UTF-8"?>
<!-- Generated by org.testng.reporters.JUnitReportReporter -->
<testsuite hostname="LAPTOP-GF3JVT8K" failures="0" tests="1" name="testngpgm.FileUpload" time="12.735" errors="0" timestamp="2024-11-17T20:40:46 IST" skipped="0">
  <testcase classname="testngpgm.FileUpload" name="fileUp" time="12.735"/>
  <system-out/>
</testsuite> <!-- testngpgm.FileUpload -->
